<?xml version="1.0" encoding="UTF-8"?>
<testsuite xmlns:xsi="http://www.w3.org/2001/XMLSchema-instance" xsi:noNamespaceSchemaLocation="https://maven.apache.org/surefire/maven-surefire-plugin/xsd/surefire-test-report.xsd" version="3.0.2" name="com.example.Spring_app.AdditionalDetailsTest" time="1.969" tests="5" errors="0" skipped="0" failures="0">
  <properties>
[...]
</properties>
  <testcase name="testFindAdditionalDetailsById" classname="com.example.Spring_app.AdditionalDetailsTest" time="0.338">
    <system-out><![CDATA[16:38:27.493 [main] INFO org.springframework.test.context.support.AnnotationConfigContextLoaderUtils -- Could not detect default configuration classes for test class [com.example.Spring_app.AdditionalDetailsTest]: AdditionalDetailsTest does not declare any static, non-private, non-final, nested classes annotated with @Configuration.
16:38:27.558 [main] INFO org.springframework.boot.test.context.SpringBootTestContextBootstrapper -- Found @SpringBootConfiguration com.example.Spring_app.SpringAppApplication for test class com.example.Spring_app.AdditionalDetailsTest

  .   ____          _            __ _ _
 /\\ / ___'_ __ _ _(_)_ __  __ _ \ \ \ \
( ( )\___ | '_ | '_| | '_ \/ _` | \ \ \ \
 \\/  ___)| |_)| | | | | || (_| |  ) ) ) )
  '  |____| .__|_| |_|_| |_\__, | / / / /
 =========|_|==============|___/=/_/_/_/

 :: Spring Boot ::                (v3.4.0)

2024-12-23T16:38:27.743+05:30  INFO 171721 --- [spring-app] [           main] c.e.Spring_app.AdditionalDetailsTest     : Starting AdditionalDetailsTest using Java 23.0.1 with PID 171721 (started by nashtech in /media/nashtech/512 GB SSD/Projects/Spring-app)
2024-12-23T16:38:27.744+05:30  INFO 171721 --- [spring-app] [           main] c.e.Spring_app.AdditionalDetailsTest     : The following 1 profile is active: "dev"
2024-12-23T16:38:27.925+05:30  INFO 171721 --- [spring-app] [           main] .s.d.r.c.RepositoryConfigurationDelegate : Bootstrapping Spring Data JPA repositories in DEFAULT mode.
2024-12-23T16:38:27.960+05:30  INFO 171721 --- [spring-app] [           main] .s.d.r.c.RepositoryConfigurationDelegate : Finished Spring Data repository scanning in 30 ms. Found 9 JPA repository interfaces.
2024-12-23T16:38:27.991+05:30  INFO 171721 --- [spring-app] [           main] beddedDataSourceBeanFactoryPostProcessor : Replacing 'dataSource' DataSource bean with embedded version
2024-12-23T16:38:28.058+05:30  INFO 171721 --- [spring-app] [           main] o.s.j.d.e.EmbeddedDatabaseFactory        : Starting embedded database: url='jdbc:h2:mem:6acb717f-c583-40c1-bb65-caed82c31148;DB_CLOSE_DELAY=-1;DB_CLOSE_ON_EXIT=false', username='sa'
2024-12-23T16:38:28.163+05:30  INFO 171721 --- [spring-app] [           main] .i.s.PathMatchingResourcePatternResolver : Skipping search for files matching pattern [**/*.class]: directory [/media/nashtech/512 GB SSD/Projects/Spring-app/target/test-classes/com/example/Spring_app/entity] does not exist
2024-12-23T16:38:28.177+05:30  INFO 171721 --- [spring-app] [           main] o.hibernate.jpa.internal.util.LogHelper  : HHH000204: Processing PersistenceUnitInfo [name: default]
2024-12-23T16:38:28.197+05:30  INFO 171721 --- [spring-app] [           main] org.hibernate.Version                    : HHH000412: Hibernate ORM core version 6.6.2.Final
2024-12-23T16:38:28.212+05:30  INFO 171721 --- [spring-app] [           main] o.h.c.internal.RegionFactoryInitiator    : HHH000026: Second-level cache disabled
2024-12-23T16:38:28.340+05:30  INFO 171721 --- [spring-app] [           main] o.s.o.j.p.SpringPersistenceUnitInfo      : No LoadTimeWeaver setup: ignoring JPA class transformer
2024-12-23T16:38:28.360+05:30  WARN 171721 --- [spring-app] [           main] org.hibernate.dialect.Dialect            : HHH000511: The 2.3.232 version for [org.hibernate.dialect.PostgreSQLDialect] is no longer supported, hence certain features may not work properly. The minimum supported version is 12.0.0. Check the community dialects project for available legacy versions.
2024-12-23T16:38:28.362+05:30  WARN 171721 --- [spring-app] [           main] org.hibernate.orm.deprecation            : HHH90000025: PostgreSQLDialect does not need to be specified explicitly using 'hibernate.dialect' (remove the property setting and it will be selected by default)
2024-12-23T16:38:28.370+05:30  INFO 171721 --- [spring-app] [           main] org.hibernate.orm.connections.pooling    : HHH10001005: Database info:
	Database JDBC URL [Connecting through datasource 'org.springframework.jdbc.datasource.embedded.EmbeddedDatabaseFactory$EmbeddedDataSourceProxy@766b6d02']
	Database driver: undefined/unknown
	Database version: 2.3.232
	Autocommit mode: undefined/unknown
	Isolation level: undefined/unknown
	Minimum pool size: undefined/unknown
	Maximum pool size: undefined/unknown
2024-12-23T16:38:28.767+05:30  INFO 171721 --- [spring-app] [           main] o.h.e.t.j.p.i.JtaPlatformInitiator       : HHH000489: No JTA platform available (set 'hibernate.transaction.jta.platform' to enable JTA platform integration)
2024-12-23T16:38:28.786+05:30 DEBUG 171721 --- [spring-app] [           main] org.hibernate.SQL                        : 
    create table AdditionalDetails (
        id bigint generated by default as identity,
        car_parking varchar(255),
        furnished_status varchar(255),
        green_rating varchar(255),
        pet_friendly boolean,
        total_car_parking_spaces integer,
        primary key (id)
    )
Hibernate: 
    create table AdditionalDetails (
        id bigint generated by default as identity,
        car_parking varchar(255),
        furnished_status varchar(255),
        green_rating varchar(255),
        pet_friendly boolean,
        total_car_parking_spaces integer,
        primary key (id)
    )
2024-12-23T16:38:28.791+05:30 DEBUG 171721 --- [spring-app] [           main] org.hibernate.SQL                        : 
    create table Amenities (
        id bigint generated by default as identity,
        name varchar(255),
        primary key (id)
    )
Hibernate: 
    create table Amenities (
        id bigint generated by default as identity,
        name varchar(255),
        primary key (id)
    )
2024-12-23T16:38:28.791+05:30 DEBUG 171721 --- [spring-app] [           main] org.hibernate.SQL                        : 
    create table LegalInformation (
        id bigint generated by default as identity,
        approvals varchar(255),
        rera_number varchar(255),
        primary key (id)
    )
Hibernate: 
    create table LegalInformation (
        id bigint generated by default as identity,
        approvals varchar(255),
        rera_number varchar(255),
        primary key (id)
    )
2024-12-23T16:38:28.792+05:30 DEBUG 171721 --- [spring-app] [           main] org.hibernate.SQL                        : 
    create table Location (
        id bigint generated by default as identity,
        address varchar(255),
        city varchar(255),
        latitude float(53),
        longitude float(53),
        state varchar(255),
        primary key (id)
    )
Hibernate: 
    create table Location (
        id bigint generated by default as identity,
        address varchar(255),
        city varchar(255),
        latitude float(53),
        longitude float(53),
        state varchar(255),
        primary key (id)
    )
2024-12-23T16:38:28.793+05:30 DEBUG 171721 --- [spring-app] [           main] org.hibernate.SQL                        : 
    create table NearbyLandmarks (
        id bigint generated by default as identity,
        airport varchar(255),
        hospital varchar(255),
        metro_station varchar(255),
        school varchar(255),
        shopping_mall varchar(255),
        primary key (id)
    )
Hibernate: 
    create table NearbyLandmarks (
        id bigint generated by default as identity,
        airport varchar(255),
        hospital varchar(255),
        metro_station varchar(255),
        school varchar(255),
        shopping_mall varchar(255),
        primary key (id)
    )
2024-12-23T16:38:28.793+05:30 DEBUG 171721 --- [spring-app] [           main] org.hibernate.SQL                        : 
    create table PaymentPlans (
        id bigint generated by default as identity,
        description varchar(255),
        plan_type varchar(255),
        pricing_details_id bigint not null,
        primary key (id)
    )
Hibernate: 
    create table PaymentPlans (
        id bigint generated by default as identity,
        description varchar(255),
        plan_type varchar(255),
        pricing_details_id bigint not null,
        primary key (id)
    )
2024-12-23T16:38:28.794+05:30 DEBUG 171721 --- [spring-app] [           main] org.hibernate.SQL                        : 
    create table PricingDetails (
        id bigint generated by default as identity,
        base_price_per_sq_ft numeric(38,2),
        booking_amount numeric(38,2),
        maintenance_charges_per_month numeric(38,2),
        primary key (id)
    )
Hibernate: 
    create table PricingDetails (
        id bigint generated by default as identity,
        base_price_per_sq_ft numeric(38,2),
        booking_amount numeric(38,2),
        maintenance_charges_per_month numeric(38,2),
        primary key (id)
    )
2024-12-23T16:38:28.795+05:30 DEBUG 171721 --- [spring-app] [           main] org.hibernate.SQL                        : 
    create table PropertyDetails (
        id bigint generated by default as identity,
        developer varchar(100),
        possession_date date,
        property_type varchar(100),
        total_floors integer,
        total_towers integer,
        total_units integer,
        primary key (id)
    )
Hibernate: 
    create table PropertyDetails (
        id bigint generated by default as identity,
        developer varchar(100),
        possession_date date,
        property_type varchar(100),
        total_floors integer,
        total_towers integer,
        total_units integer,
        primary key (id)
    )
2024-12-23T16:38:28.795+05:30 DEBUG 171721 --- [spring-app] [           main] org.hibernate.SQL                        : 
    create table UnitVariants (
        id bigint generated by default as identity,
        price numeric(15,2),
        size_sq_ft integer,
        unit_type varchar(50),
        property_details_id bigint not null,
        primary key (id)
    )
Hibernate: 
    create table UnitVariants (
        id bigint generated by default as identity,
        price numeric(15,2),
        size_sq_ft integer,
        unit_type varchar(50),
        property_details_id bigint not null,
        primary key (id)
    )
2024-12-23T16:38:28.796+05:30 DEBUG 171721 --- [spring-app] [           main] org.hibernate.SQL                        : 
    alter table if exists PaymentPlans 
       add constraint FK7ckjf8uoqp07fs80oopjue7fh 
       foreign key (pricing_details_id) 
       references PricingDetails
Hibernate: 
    alter table if exists PaymentPlans 
       add constraint FK7ckjf8uoqp07fs80oopjue7fh 
       foreign key (pricing_details_id) 
       references PricingDetails
2024-12-23T16:38:28.799+05:30 DEBUG 171721 --- [spring-app] [           main] org.hibernate.SQL                        : 
    alter table if exists UnitVariants 
       add constraint FKtl7qaoufm5mo1ht6ei8xafoub 
       foreign key (property_details_id) 
       references PropertyDetails
Hibernate: 
    alter table if exists UnitVariants 
       add constraint FKtl7qaoufm5mo1ht6ei8xafoub 
       foreign key (property_details_id) 
       references PropertyDetails
2024-12-23T16:38:28.800+05:30  INFO 171721 --- [spring-app] [           main] j.LocalContainerEntityManagerFactoryBean : Initialized JPA EntityManagerFactory for persistence unit 'default'
2024-12-23T16:38:28.971+05:30  INFO 171721 --- [spring-app] [           main] c.e.Spring_app.AdditionalDetailsTest     : Started AdditionalDetailsTest in 1.375 seconds (process running for 1.86)
2024-12-23T16:38:29.290+05:30 DEBUG 171721 --- [spring-app] [           main] org.hibernate.SQL                        : 
    insert 
    into
        AdditionalDetails
        (car_parking, furnished_status, green_rating, pet_friendly, total_car_parking_spaces) 
    values
        (?, ?, ?, ?, ?)
Hibernate: 
    insert 
    into
        AdditionalDetails
        (car_parking, furnished_status, green_rating, pet_friendly, total_car_parking_spaces) 
    values
        (?, ?, ?, ?, ?)
]]></system-out>
    <system-err><![CDATA[Mockito is currently self-attaching to enable the inline-mock-maker. This will no longer work in future releases of the JDK. Please add Mockito as an agent to your build what is described in Mockito's documentation: https://javadoc.io/doc/org.mockito/mockito-core/latest/org/mockito/Mockito.html#0.3
WARNING: A Java agent has been loaded dynamically (/home/nashtech/.m2/repository/net/bytebuddy/byte-buddy-agent/1.15.10/byte-buddy-agent-1.15.10.jar)
WARNING: If a serviceability tool is in use, please run with -XX:+EnableDynamicAgentLoading to hide this warning
WARNING: If a serviceability tool is not in use, please run with -Djdk.instrument.traceUsage for more information
WARNING: Dynamic loading of agents will be disallowed by default in a future release
]]></system-err>
  </testcase>
  <testcase name="testSaveAdditionalDetails" classname="com.example.Spring_app.AdditionalDetailsTest" time="0.005">
    <system-out><![CDATA[2024-12-23T16:38:29.316+05:30 DEBUG 171721 --- [spring-app] [           main] org.hibernate.SQL                        : 
    insert 
    into
        AdditionalDetails
        (car_parking, furnished_status, green_rating, pet_friendly, total_car_parking_spaces) 
    values
        (?, ?, ?, ?, ?)
Hibernate: 
    insert 
    into
        AdditionalDetails
        (car_parking, furnished_status, green_rating, pet_friendly, total_car_parking_spaces) 
    values
        (?, ?, ?, ?, ?)
]]></system-out>
  </testcase>
  <testcase name="testFindAllAdditionalDetails" classname="com.example.Spring_app.AdditionalDetailsTest" time="0.052">
    <system-out><![CDATA[2024-12-23T16:38:29.322+05:30 DEBUG 171721 --- [spring-app] [           main] org.hibernate.SQL                        : 
    insert 
    into
        AdditionalDetails
        (car_parking, furnished_status, green_rating, pet_friendly, total_car_parking_spaces) 
    values
        (?, ?, ?, ?, ?)
Hibernate: 
    insert 
    into
        AdditionalDetails
        (car_parking, furnished_status, green_rating, pet_friendly, total_car_parking_spaces) 
    values
        (?, ?, ?, ?, ?)
2024-12-23T16:38:29.323+05:30 DEBUG 171721 --- [spring-app] [           main] org.hibernate.SQL                        : 
    insert 
    into
        AdditionalDetails
        (car_parking, furnished_status, green_rating, pet_friendly, total_car_parking_spaces) 
    values
        (?, ?, ?, ?, ?)
Hibernate: 
    insert 
    into
        AdditionalDetails
        (car_parking, furnished_status, green_rating, pet_friendly, total_car_parking_spaces) 
    values
        (?, ?, ?, ?, ?)
2024-12-23T16:38:29.366+05:30 DEBUG 171721 --- [spring-app] [           main] org.hibernate.SQL                        : 
    select
        ad1_0.id,
        ad1_0.car_parking,
        ad1_0.furnished_status,
        ad1_0.green_rating,
        ad1_0.pet_friendly,
        ad1_0.total_car_parking_spaces 
    from
        AdditionalDetails ad1_0
Hibernate: 
    select
        ad1_0.id,
        ad1_0.car_parking,
        ad1_0.furnished_status,
        ad1_0.green_rating,
        ad1_0.pet_friendly,
        ad1_0.total_car_parking_spaces 
    from
        AdditionalDetails ad1_0
]]></system-out>
  </testcase>
  <testcase name="testUpdateAdditionalDetails" classname="com.example.Spring_app.AdditionalDetailsTest" time="0.005">
    <system-out><![CDATA[2024-12-23T16:38:29.375+05:30 DEBUG 171721 --- [spring-app] [           main] org.hibernate.SQL                        : 
    insert 
    into
        AdditionalDetails
        (car_parking, furnished_status, green_rating, pet_friendly, total_car_parking_spaces) 
    values
        (?, ?, ?, ?, ?)
Hibernate: 
    insert 
    into
        AdditionalDetails
        (car_parking, furnished_status, green_rating, pet_friendly, total_car_parking_spaces) 
    values
        (?, ?, ?, ?, ?)
]]></system-out>
  </testcase>
  <testcase name="testDeleteAdditionalDetails" classname="com.example.Spring_app.AdditionalDetailsTest" time="0.006">
    <system-out><![CDATA[2024-12-23T16:38:29.380+05:30 DEBUG 171721 --- [spring-app] [           main] org.hibernate.SQL                        : 
    insert 
    into
        AdditionalDetails
        (car_parking, furnished_status, green_rating, pet_friendly, total_car_parking_spaces) 
    values
        (?, ?, ?, ?, ?)
Hibernate: 
    insert 
    into
        AdditionalDetails
        (car_parking, furnished_status, green_rating, pet_friendly, total_car_parking_spaces) 
    values
        (?, ?, ?, ?, ?)
]]></system-out>
  </testcase>
</testsuite>